2023-03-18 15:01:33.899 [main] INFO  com.miniproject.Calculator - [SQUARE ROOT] - 9.0
2023-03-18 15:01:33.900 [main] INFO  com.miniproject.Calculator - [RESULT - SQUARE ROOT] - 3.0
2023-03-20 21:48:30.165 [main] INFO  com.miniproject.Calculator - [FACTORIAL] - 5
2023-03-20 21:48:30.170 [main] INFO  com.miniproject.Calculator - [RESULT - FACTORIAL] - 120
2023-03-20 22:02:03.660 [main] INFO  com.miniproject.Calculator - [SQUARE ROOT] - 12.0
2023-03-20 22:02:03.665 [main] INFO  com.miniproject.Calculator - [RESULT - SQUARE ROOT] - 3.4641016151377544
2023-03-21 22:03:13.917 [main] INFO  com.miniproject.Calculator - [FACTORIAL] - -6
2023-03-21 22:03:13.918 [main] INFO  com.miniproject.Calculator - [RESULT - FACTORIAL] - 1
2023-03-21 22:03:13.922 [main] INFO  com.miniproject.Calculator - [FACTORIAL] - 5
2023-03-21 22:03:13.922 [main] INFO  com.miniproject.Calculator - [RESULT - FACTORIAL] - 120
2023-03-21 22:05:52.839 [main] INFO  com.miniproject.Calculator - [FACTORIAL] - 5
2023-03-21 22:05:52.841 [main] INFO  com.miniproject.Calculator - [RESULT - FACTORIAL] - 120
2023-03-21 22:07:11.720 [main] INFO  com.miniproject.Calculator - [SQUARE ROOT] - 12.0
2023-03-21 22:07:11.722 [main] INFO  com.miniproject.Calculator - [RESULT - SQUARE ROOT] - 3.4641016151377544
2023-03-21 22:20:04.106 [main] INFO  Calculator - [SQUARE ROOT] - 21.0
2023-03-21 22:20:04.107 [main] INFO  Calculator - [RESULT - SQUARE ROOT] - 4.58257569495584
2023-03-21 22:22:08.300 [main] INFO  Calculator - [FACTORIAL] - 5
2023-03-21 22:22:08.301 [main] INFO  Calculator - [RESULT - FACTORIAL] - 120
2023-03-21 22:22:13.590 [main] INFO  Calculator - [TWOPOWER] - 2.0AND3.0
2023-03-21 22:22:13.592 [main] INFO  Calculator - [RESULT - TWOPOWER] - 8.0
2023-03-21 22:22:13.593 [main] INFO  Calculator - [TWOPOWER] - -2.0AND3.0
2023-03-21 22:22:13.593 [main] INFO  Calculator - [RESULT - TWOPOWER] - -8.0
2023-03-21 22:22:13.593 [main] INFO  Calculator - [TWOPOWER] - -0.5AND-3.0
2023-03-21 22:22:13.593 [main] INFO  Calculator - [RESULT - TWOPOWER] - -8.0
2023-03-21 22:22:13.594 [main] INFO  Calculator - [SQUARE ROOT] - 25.0
2023-03-21 22:22:13.594 [main] INFO  Calculator - [RESULT - SQUARE ROOT] - 5.0
2023-03-21 22:22:13.595 [main] INFO  Calculator - [LOG] - 10.0
2023-03-21 22:22:13.595 [main] INFO  Calculator - [RESULT - LOG] - 2.302585092994046
2023-03-21 22:22:13.596 [main] INFO  Calculator - [FACTORIAL] - 5
2023-03-21 22:22:13.596 [main] INFO  Calculator - [RESULT - FACTORIAL] - 120
2023-03-21 22:22:18.223 [main] INFO  Calculator - [FACTORIAL] - 5
2023-03-21 22:22:18.226 [main] INFO  Calculator - [RESULT - FACTORIAL] - 120
2023-03-22 11:28:02.493 [main] INFO  Calculator - [SQUARE ROOT] - 9.0
2023-03-22 11:28:02.498 [main] INFO  Calculator - [RESULT - SQUARE ROOT] - 3.0
2023-03-22 11:29:35.362 [main] INFO  Calculator - [FACTORIAL] - 5
2023-03-22 11:29:35.364 [main] INFO  Calculator - [RESULT - FACTORIAL] - 120
2023-03-22 11:29:38.050 [main] INFO  Calculator - [TWOPOWER] - 2.0AND3.0
2023-03-22 11:29:38.052 [main] INFO  Calculator - [RESULT - TWOPOWER] - 8.0
2023-03-22 11:29:38.052 [main] INFO  Calculator - [TWOPOWER] - -2.0AND3.0
2023-03-22 11:29:38.052 [main] INFO  Calculator - [RESULT - TWOPOWER] - -8.0
2023-03-22 11:29:38.053 [main] INFO  Calculator - [TWOPOWER] - -0.5AND-3.0
2023-03-22 11:29:38.053 [main] INFO  Calculator - [RESULT - TWOPOWER] - -8.0
2023-03-22 11:29:38.054 [main] INFO  Calculator - [SQUARE ROOT] - 25.0
2023-03-22 11:29:38.054 [main] INFO  Calculator - [RESULT - SQUARE ROOT] - 5.0
2023-03-22 11:29:38.055 [main] INFO  Calculator - [LOG] - 10.0
2023-03-22 11:29:38.055 [main] INFO  Calculator - [RESULT - LOG] - 2.302585092994046
2023-03-22 11:29:38.055 [main] INFO  Calculator - [FACTORIAL] - 5
2023-03-22 11:29:38.056 [main] INFO  Calculator - [RESULT - FACTORIAL] - 120
2023-03-22 11:29:52.252 [main] INFO  Calculator - [LOG] - 10.0
2023-03-22 11:29:52.254 [main] INFO  Calculator - [RESULT - LOG] - 2.302585092994046
2023-03-22 11:29:55.995 [main] INFO  Calculator - [TWOPOWER] - 2.0AND3.0
2023-03-22 11:29:55.997 [main] INFO  Calculator - [RESULT - TWOPOWER] - 8.0
2023-03-22 11:29:55.997 [main] INFO  Calculator - [TWOPOWER] - -2.0AND3.0
2023-03-22 11:29:55.998 [main] INFO  Calculator - [RESULT - TWOPOWER] - -8.0
2023-03-22 11:29:55.998 [main] INFO  Calculator - [TWOPOWER] - -0.5AND-3.0
2023-03-22 11:29:55.998 [main] INFO  Calculator - [RESULT - TWOPOWER] - -8.0
2023-03-22 11:29:56.000 [main] INFO  Calculator - [SQUARE ROOT] - 25.0
2023-03-22 11:29:56.000 [main] INFO  Calculator - [RESULT - SQUARE ROOT] - 5.0
2023-03-22 11:29:56.001 [main] INFO  Calculator - [LOG] - 10.0
2023-03-22 11:29:56.001 [main] INFO  Calculator - [RESULT - LOG] - 2.302585092994046
2023-03-22 11:29:56.002 [main] INFO  Calculator - [FACTORIAL] - 5
2023-03-22 11:29:56.002 [main] INFO  Calculator - [RESULT - FACTORIAL] - 120
2023-03-22 12:21:17.263 [main] INFO  Calculator - [FACTORIAL] - 5
2023-03-22 12:21:17.265 [main] INFO  Calculator - [RESULT - FACTORIAL] - 120
2023-03-22 12:21:21.054 [main] INFO  Calculator - [TWOPOWER] - 2.0AND3.0
2023-03-22 12:21:21.056 [main] INFO  Calculator - [RESULT - TWOPOWER] - 8.0
2023-03-22 12:21:21.057 [main] INFO  Calculator - [TWOPOWER] - -2.0AND3.0
2023-03-22 12:21:21.057 [main] INFO  Calculator - [RESULT - TWOPOWER] - -8.0
2023-03-22 12:21:21.057 [main] INFO  Calculator - [TWOPOWER] - -0.5AND-3.0
2023-03-22 12:21:21.057 [main] INFO  Calculator - [RESULT - TWOPOWER] - -8.0
2023-03-22 12:21:21.058 [main] INFO  Calculator - [SQUARE ROOT] - 25.0
2023-03-22 12:21:21.059 [main] INFO  Calculator - [RESULT - SQUARE ROOT] - 5.0
2023-03-22 12:21:21.059 [main] INFO  Calculator - [LOG] - 10.0
2023-03-22 12:21:21.059 [main] INFO  Calculator - [RESULT - LOG] - 2.302585092994046
2023-03-22 12:21:21.060 [main] INFO  Calculator - [FACTORIAL] - 5
2023-03-22 12:21:21.060 [main] INFO  Calculator - [RESULT - FACTORIAL] - 120
